# JRE version: OpenJDK Runtime Environment (8.0_302) (build 1.8.0_302-bre_2021_07_21_23_10-b00)
# Java VM: OpenJDK 64-Bit Server VM (25.302-b00 mixed mode bsd-amd64 compressed oops)
Heap:
 PSYoungGen      total 76288K, used 18868K [0x000000076ab00000, 0x0000000771e80000, 0x00000007c0000000)
  eden space 65536K, 16% used [0x000000076ab00000,0x000000076b5a8070,0x000000076eb00000)
  from space 10752K, 73% used [0x000000076eb00000,0x000000076f2c5060,0x000000076f580000)
  to   space 10752K, 0% used [0x0000000771400000,0x0000000771400000,0x0000000771e80000)
 ParOldGen       total 108032K, used 8845K [0x00000006c0000000, 0x00000006c6980000, 0x000000076ab00000)
  object space 108032K, 8% used [0x00000006c0000000,0x00000006c08a36b0,0x00000006c6980000)
 Metaspace       used 27059K, capacity 27380K, committed 27776K, reserved 1073152K
  class space    used 3531K, capacity 3650K, committed 3712K, reserved 1048576K
GC Heap History (8 events):
Event: 0.984 GC heap before
{Heap before GC invocations=1 (full 0):
 PSYoungGen      total 76288K, used 65536K [0x000000076ab00000, 0x0000000770000000, 0x00000007c0000000)
  eden space 65536K, 100% used [0x000000076ab00000,0x000000076eb00000,0x000000076eb00000)
  from space 10752K, 0% used [0x000000076f580000,0x000000076f580000,0x0000000770000000)
  to   space 10752K, 0% used [0x000000076eb00000,0x000000076eb00000,0x000000076f580000)
 ParOldGen       total 175104K, used 0K [0x00000006c0000000, 0x00000006cab00000, 0x000000076ab00000)
  object space 175104K, 0% used [0x00000006c0000000,0x00000006c0000000,0x00000006cab00000)
 Metaspace       used 18650K, capacity 18912K, committed 19072K, reserved 1067008K
  class space    used 2298K, capacity 2390K, committed 2432K, reserved 1048576K
Event: 0.993 GC heap after
Heap after GC invocations=1 (full 0):
 PSYoungGen      total 76288K, used 10731K [0x000000076ab00000, 0x0000000770000000, 0x00000007c0000000)
  eden space 65536K, 0% used [0x000000076ab00000,0x000000076ab00000,0x000000076eb00000)
  from space 10752K, 99% used [0x000000076eb00000,0x000000076f57ac10,0x000000076f580000)
  to   space 10752K, 0% used [0x000000076f580000,0x000000076f580000,0x0000000770000000)
 ParOldGen       total 175104K, used 3833K [0x00000006c0000000, 0x00000006cab00000, 0x000000076ab00000)
  object space 175104K, 2% used [0x00000006c0000000,0x00000006c03be760,0x00000006cab00000)
 Metaspace       used 18650K, capacity 18912K, committed 19072K, reserved 1067008K
  class space    used 2298K, capacity 2390K, committed 2432K, reserved 1048576K
}
Event: 1.120 GC heap before
{Heap before GC invocations=2 (full 0):
 PSYoungGen      total 76288K, used 22762K [0x000000076ab00000, 0x0000000770000000, 0x00000007c0000000)
  eden space 65536K, 18% used [0x000000076ab00000,0x000000076b6bfd20,0x000000076eb00000)
  from space 10752K, 99% used [0x000000076eb00000,0x000000076f57ac10,0x000000076f580000)
  to   space 10752K, 0% used [0x000000076f580000,0x000000076f580000,0x0000000770000000)
 ParOldGen       total 175104K, used 3833K [0x00000006c0000000, 0x00000006cab00000, 0x000000076ab00000)
  object space 175104K, 2% used [0x00000006c0000000,0x00000006c03be760,0x00000006cab00000)
 Metaspace       used 20842K, capacity 21030K, committed 21248K, reserved 1067008K
  class space    used 2636K, capacity 2713K, committed 2816K, reserved 1048576K
Event: 1.127 GC heap after
Heap after GC invocations=2 (full 0):
 PSYoungGen      total 76288K, used 8672K [0x000000076ab00000, 0x0000000774000000, 0x00000007c0000000)
  eden space 65536K, 0% used [0x000000076ab00000,0x000000076ab00000,0x000000076eb00000)
  from space 10752K, 80% used [0x000000076f580000,0x000000076fdf8398,0x0000000770000000)
  to   space 10752K, 0% used [0x000000076eb00000,0x000000076eb00000,0x000000076f580000)
 ParOldGen       total 175104K, used 3841K [0x00000006c0000000, 0x00000006cab00000, 0x000000076ab00000)
  object space 175104K, 2% used [0x00000006c0000000,0x00000006c03c0760,0x00000006cab00000)
 Metaspace       used 20842K, capacity 21030K, committed 21248K, reserved 1067008K
  class space    used 2636K, capacity 2713K, committed 2816K, reserved 1048576K
}
Event: 1.127 GC heap before
{Heap before GC invocations=3 (full 1):
 PSYoungGen      total 76288K, used 8672K [0x000000076ab00000, 0x0000000774000000, 0x00000007c0000000)
  eden space 65536K, 0% used [0x000000076ab00000,0x000000076ab00000,0x000000076eb00000)
  from space 10752K, 80% used [0x000000076f580000,0x000000076fdf8398,0x0000000770000000)
  to   space 10752K, 0% used [0x000000076eb00000,0x000000076eb00000,0x000000076f580000)
 ParOldGen       total 175104K, used 3841K [0x00000006c0000000, 0x00000006cab00000, 0x000000076ab00000)
  object space 175104K, 2% used [0x00000006c0000000,0x00000006c03c0760,0x00000006cab00000)
 Metaspace       used 20842K, capacity 21030K, committed 21248K, reserved 1067008K
  class space    used 2636K, capacity 2713K, committed 2816K, reserved 1048576K
Event: 1.153 GC heap after
Heap after GC invocations=3 (full 1):
 PSYoungGen      total 76288K, used 0K [0x000000076ab00000, 0x0000000774000000, 0x00000007c0000000)
  eden space 65536K, 0% used [0x000000076ab00000,0x000000076ab00000,0x000000076eb00000)
  from space 10752K, 0% used [0x000000076f580000,0x000000076f580000,0x0000000770000000)
  to   space 10752K, 0% used [0x000000076eb00000,0x000000076eb00000,0x000000076f580000)
 ParOldGen       total 108032K, used 8837K [0x00000006c0000000, 0x00000006c6980000, 0x000000076ab00000)
  object space 108032K, 8% used [0x00000006c0000000,0x00000006c08a16b0,0x00000006c6980000)
 Metaspace       used 20842K, capacity 21030K, committed 21248K, reserved 1067008K
  class space    used 2636K, capacity 2713K, committed 2816K, reserved 1048576K
}
Event: 500.576 GC heap before
{Heap before GC invocations=4 (full 1):
 PSYoungGen      total 76288K, used 65536K [0x000000076ab00000, 0x0000000774000000, 0x00000007c0000000)
  eden space 65536K, 100% used [0x000000076ab00000,0x000000076eb00000,0x000000076eb00000)
  from space 10752K, 0% used [0x000000076f580000,0x000000076f580000,0x0000000770000000)
  to   space 10752K, 0% used [0x000000076eb00000,0x000000076eb00000,0x000000076f580000)
 ParOldGen       total 108032K, used 8837K [0x00000006c0000000, 0x00000006c6980000, 0x000000076ab00000)
  object space 108032K, 8% used [0x00000006c0000000,0x00000006c08a16b0,0x00000006c6980000)
 Metaspace       used 27005K, capacity 27284K, committed 27520K, reserved 1073152K
  class space    used 3521K, capacity 3618K, committed 3712K, reserved 1048576K
Event: 500.579 GC heap after
Heap after GC invocations=4 (full 1):
 PSYoungGen      total 76288K, used 7956K [0x000000076ab00000, 0x0000000771e80000, 0x00000007c0000000)
  eden space 65536K, 0% used [0x000000076ab00000,0x000000076ab00000,0x000000076eb00000)
  from space 10752K, 73% used [0x000000076eb00000,0x000000076f2c5060,0x000000076f580000)
  to   space 10752K, 0% used [0x0000000771400000,0x0000000771400000,0x0000000771e80000)
 ParOldGen       total 108032K, used 8845K [0x00000006c0000000, 0x00000006c6980000, 0x000000076ab00000)
  object space 108032K, 8% used [0x00000006c0000000,0x00000006c08a36b0,0x00000006c6980000)
 Metaspace       used 27005K, capacity 27284K, committed 27520K, reserved 1073152K
  class space    used 3521K, capacity 3618K, committed 3712K, reserved 1048576K
}

